{
  "stats": {
    "suites": 1,
    "tests": 4,
    "passes": 4,
    "pending": 0,
    "failures": 0,
    "start": "2025-06-25T12:13:19.711Z",
    "end": "2025-06-25T12:13:23.773Z",
    "duration": 4062,
    "testsRegistered": 4,
    "passPercent": 100,
    "pendingPercent": 0,
    "other": 0,
    "hasOther": false,
    "skipped": 0,
    "hasSkipped": false
  },
  "results": [
    {
      "uuid": "7b06e981-02b8-4ee4-8e2c-db32b815b128",
      "title": "",
      "fullFile": "cypress/e2e/saucedemo/products.cy.ts",
      "file": "cypress/e2e/saucedemo/products.cy.ts",
      "beforeHooks": [],
      "afterHooks": [],
      "tests": [],
      "suites": [
        {
          "uuid": "314d4387-cf11-443f-8102-05bc123903ef",
          "title": "SauceDemo Products Tests",
          "fullFile": "",
          "file": "",
          "beforeHooks": [],
          "afterHooks": [],
          "tests": [
            {
              "title": "should display products correctly",
              "fullTitle": "SauceDemo Products Tests should display products correctly",
              "timedOut": null,
              "duration": 1135,
              "state": "passed",
              "speed": "fast",
              "pass": true,
              "fail": false,
              "pending": false,
              "context": null,
              "code": "cy.get('.inventory_item').should('have.length', 6);",
              "err": {},
              "uuid": "851c4a2d-0e8e-42a2-a9b6-799ceaae9cca",
              "parentUUID": "314d4387-cf11-443f-8102-05bc123903ef",
              "isHook": false,
              "skipped": false
            },
            {
              "title": "should sort products by price low to high",
              "fullTitle": "SauceDemo Products Tests should sort products by price low to high",
              "timedOut": null,
              "duration": 886,
              "state": "passed",
              "speed": "fast",
              "pass": true,
              "fail": false,
              "pending": false,
              "context": null,
              "code": "cy.get('.product_sort_container').select('lohi');\ncy.get('.inventory_item_price').then($prices => {\n    const prices = $prices.map((_, el) => parseFloat(el.innerText.replace('$', ''))).get();\n    const sortedPrices = [...prices].sort((a, b) => a - b);\n    expect(prices).to.deep.equal(sortedPrices);\n});",
              "err": {},
              "uuid": "def12357-2e19-4193-94cc-a0fa482b0549",
              "parentUUID": "314d4387-cf11-443f-8102-05bc123903ef",
              "isHook": false,
              "skipped": false
            },
            {
              "title": "should add product to cart",
              "fullTitle": "SauceDemo Products Tests should add product to cart",
              "timedOut": null,
              "duration": 1053,
              "state": "passed",
              "speed": "fast",
              "pass": true,
              "fail": false,
              "pending": false,
              "context": null,
              "code": "cy.addToCart('Sauce Labs Backpack');\ncy.get('.shopping_cart_badge').should('contain', '1');\ncy.get('[data-test=\"remove-sauce-labs-backpack\"]').should('be.visible');",
              "err": {},
              "uuid": "c877456e-6663-46be-a629-e61896783a10",
              "parentUUID": "314d4387-cf11-443f-8102-05bc123903ef",
              "isHook": false,
              "skipped": false
            },
            {
              "title": "should remove product from cart and update cart count",
              "fullTitle": "SauceDemo Products Tests should remove product from cart and update cart count",
              "timedOut": null,
              "duration": 905,
              "state": "passed",
              "speed": "fast",
              "pass": true,
              "fail": false,
              "pending": false,
              "context": null,
              "code": "cy.addToCart('Sauce Labs Backpack');\ncy.get('.shopping_cart_badge').should('contain', '1');\ncy.get('[data-test=\"remove-sauce-labs-backpack\"]').click();\ncy.get('.shopping_cart_badge').should('not.exist');\ncy.get('[data-test=\"add-to-cart-sauce-labs-backpack\"]').should('be.visible');",
              "err": {},
              "uuid": "c3d9f4e8-3fc0-4985-8771-19f04be947c4",
              "parentUUID": "314d4387-cf11-443f-8102-05bc123903ef",
              "isHook": false,
              "skipped": false
            }
          ],
          "suites": [],
          "passes": [
            "851c4a2d-0e8e-42a2-a9b6-799ceaae9cca",
            "def12357-2e19-4193-94cc-a0fa482b0549",
            "c877456e-6663-46be-a629-e61896783a10",
            "c3d9f4e8-3fc0-4985-8771-19f04be947c4"
          ],
          "failures": [],
          "pending": [],
          "skipped": [],
          "duration": 3979,
          "root": false,
          "rootEmpty": false,
          "_timeout": 2000
        }
      ],
      "passes": [],
      "failures": [],
      "pending": [],
      "skipped": [],
      "duration": 0,
      "root": true,
      "rootEmpty": true,
      "_timeout": 2000
    }
  ],
  "meta": {
    "mocha": {
      "version": "7.2.0"
    },
    "mochawesome": {
      "options": {
        "quiet": false,
        "reportFilename": "mochawesome",
        "saveHtml": false,
        "saveJson": true,
        "consoleReporter": "spec",
        "useInlineDiffs": false,
        "code": true
      },
      "version": "7.1.3"
    },
    "marge": {
      "options": {
        "reportDir": "results",
        "overwrite": false,
        "html": false,
        "json": true
      },
      "version": "6.2.0"
    }
  }
}